<?xml version="1.0" encoding="UTF-8"?>
<!-- Generated by org.testng.reporters.JUnitReportReporter -->
<testsuite skipped="0" hostname="DESKTOP-CBMBFPP" name="org.tsting.testscripts.Tc6" tests="1" failures="0" timestamp="2021-12-29T01:35:21 IST" time="0.006" errors="0">
  <testcase name="Testcase6" time="0.006" classname="org.tsting.testscripts.Tc6"/>
  <system-out/>
</testsuite> <!-- org.tsting.testscripts.Tc6 -->
