<?xml version="1.0" encoding="UTF-8"?>
<!-- Generated by org.testng.reporters.JUnitReportReporter -->
<testsuite skipped="0" hostname="DESKTOP-CBMBFPP" name="org.tsting.testscripts.Tc7" tests="1" failures="0" timestamp="2022-01-02T06:34:57 IST" time="7.867" errors="0">
  <testcase name="testcase1" time="7.867" classname="org.tsting.testscripts.Tc7"/>
  <system-out/>
</testsuite> <!-- org.tsting.testscripts.Tc7 -->
