<?xml version="1.0" encoding="UTF-8"?>
<!-- Generated by org.testng.reporters.JUnitReportReporter -->
<testsuite skipped="0" hostname="DESKTOP-CBMBFPP" name="org.tsting.testscripts.Tc8" tests="1" failures="0" timestamp="2022-01-02T17:34:50 IST" time="19.876" errors="0">
  <testcase name="testcase2" time="19.876" classname="org.tsting.testscripts.Tc8"/>
  <system-out/>
</testsuite> <!-- org.tsting.testscripts.Tc8 -->
