<?xml version="1.0" encoding="UTF-8"?>
<!-- Generated by org.testng.reporters.JUnitReportReporter -->
<testsuite skipped="0" hostname="DESKTOP-CBMBFPP" name="org.tsting.testscripts.Tc1" tests="1" failures="0" timestamp="2021-12-29T01:35:21 IST" time="2.602" errors="0">
  <testcase name="testcase1" time="2.602" classname="org.tsting.testscripts.Tc1"/>
  <system-out/>
</testsuite> <!-- org.tsting.testscripts.Tc1 -->
